<?xml version="1.0" encoding="UTF-8"?>
<!-- Generated by org.testng.reporters.JUnitReportReporter -->
<testsuite hostname="MACs-Mac-mini.local" failures="0" tests="3" name="com.crm.qa.testcases.HomePageTest" time="74.917" errors="0" timestamp="2023-11-30T09:58:15 IST" skipped="0">
  <testcase classname="com.crm.qa.testcases.HomePageTest" name="VerifyHomePagetitleTest" time="23.516"/>
  <system-out/>
  <testcase classname="com.crm.qa.testcases.HomePageTest" name="VerifyUserNameLabelTest" time="23.800"/>
  <system-out/>
  <testcase classname="com.crm.qa.testcases.HomePageTest" name="verifyContactsLinkTest" time="27.601"/>
  <system-out/>
</testsuite> <!-- com.crm.qa.testcases.HomePageTest -->
