<?xml version="1.0" encoding="UTF-8"?>
<!-- Generated by org.testng.reporters.JUnitReportReporter -->
<testsuite hostname="MACs-Mac-mini.local" failures="0" tests="3" name="com.crm.qa.testcases.HomePageTest" time="80.377" errors="0" timestamp="2023-09-15T11:05:03 IST" skipped="0">
  <testcase classname="com.crm.qa.testcases.HomePageTest" name="VerifyHomePagetitleTest" time="25.615"/>
  <system-out/>
  <testcase classname="com.crm.qa.testcases.HomePageTest" name="VerifyUserNameLabelTest" time="24.811"/>
  <system-out/>
  <testcase classname="com.crm.qa.testcases.HomePageTest" name="verifyContactsLinkTest" time="29.951"/>
  <system-out/>
</testsuite> <!-- com.crm.qa.testcases.HomePageTest -->
