<?xml version="1.0" encoding="UTF-8"?>
<!-- Generated by org.testng.reporters.JUnitReportReporter -->
<testsuite hostname="MACs-Mac-mini.local" failures="0" tests="1" name="com.crm.qa.testcases.DriverInitTestPage" time="6.184" errors="0" timestamp="2023-09-15T16:23:39 IST" skipped="0">
  <testcase classname="com.crm.qa.testcases.DriverInitTestPage" name="testmothod1" time="6.184"/>
  <system-out/>
</testsuite> <!-- com.crm.qa.testcases.DriverInitTestPage -->
