<?xml version="1.0" encoding="UTF-8"?>
<!-- Generated by org.testng.reporters.JUnitReportReporter -->
<testsuite hostname="MACs-Mac-mini.local" failures="0" tests="1" name="com.hrm.qa.Testcases.UserManagementPageTestcase" time="11.079" errors="0" timestamp="2023-04-27T16:25:59 IST" skipped="0">
  <testcase classname="com.hrm.qa.Testcases.UserManagementPageTestcase" name="VerifyAddUserLabelTest" time="11.079"/>
  <system-out/>
</testsuite> <!-- com.hrm.qa.Testcases.UserManagementPageTestcase -->
