<?xml version="1.0" encoding="UTF-8"?>
<!-- Generated by org.testng.reporters.JUnitReportReporter -->
<testsuite hostname="MACs-Mac-mini.local" failures="0" tests="3" name="com.hrm.qa.Testcases.ForgotpasswordPageTestcase" time="31.594" errors="0" timestamp="2023-04-27T16:25:59 IST" skipped="0">
  <testcase classname="com.hrm.qa.Testcases.ForgotpasswordPageTestcase" name="verifyforgotPasswordLabelTest" time="10.837"/>
  <system-out/>
  <testcase classname="com.hrm.qa.Testcases.ForgotpasswordPageTestcase" name="VerifyforgotpasswordTest" time="9.966"/>
  <system-out/>
  <testcase classname="com.hrm.qa.Testcases.ForgotpasswordPageTestcase" name="ClickonCancelButton" time="10.791"/>
  <system-out/>
</testsuite> <!-- com.hrm.qa.Testcases.ForgotpasswordPageTestcase -->
