<?xml version="1.0" encoding="UTF-8"?>
<!-- Generated by org.testng.reporters.JUnitReportReporter -->
<testsuite hostname="MACs-Mac-mini.local" failures="0" tests="5" name="com.hrm.qa.Testcases.DashboardPageTestcase" time="55.296" errors="0" timestamp="2023-04-27T16:25:59 IST" skipped="0">
  <testcase classname="com.hrm.qa.Testcases.DashboardPageTestcase" name="DashboardLabelTest" time="11.135"/>
  <system-out/>
  <testcase classname="com.hrm.qa.Testcases.DashboardPageTestcase" name="ClickonAdminLinkTest" time="11.455"/>
  <system-out/>
  <testcase classname="com.hrm.qa.Testcases.DashboardPageTestcase" name="VerifyUserNameDropdown" time="10.894"/>
  <system-out/>
  <testcase classname="com.hrm.qa.Testcases.DashboardPageTestcase" name="VerifyMainMenuButtonTest" time="12.349"/>
  <system-out/>
  <testcase classname="com.hrm.qa.Testcases.DashboardPageTestcase" name="VerifySearchTest" time="9.463"/>
  <system-out/>
</testsuite> <!-- com.hrm.qa.Testcases.DashboardPageTestcase -->
