<?xml version="1.0" encoding="UTF-8"?>
<!-- Generated by org.testng.reporters.JUnitReportReporter -->
<testsuite hostname="MACs-Mac-mini.local" failures="0" tests="2" name="com.aiodfront.qa.TestCases.FreeGiftTestCase" time="42.816" errors="0" timestamp="2023-12-07T10:53:16 IST" skipped="0">
  <testcase classname="com.aiodfront.qa.TestCases.FreeGiftTestCase" name="verifyhomePageTitle" time="16.545"/>
  <system-out/>
  <testcase classname="com.aiodfront.qa.TestCases.FreeGiftTestCase" name="AddFreeGiftProduct" time="26.271"/>
  <system-out/>
</testsuite> <!-- com.aiodfront.qa.TestCases.FreeGiftTestCase -->
