<?xml version="1.0" encoding="UTF-8"?>
<!-- Generated by org.testng.reporters.JUnitReportReporter -->
<testsuite hostname="MACs-Mac-mini.local" failures="0" tests="1" name="com.aiodfront.qa.TestCases.BundleFrontendTestCase" time="45.733" errors="0" timestamp="2023-12-05T18:15:50 IST" skipped="0">
  <testcase classname="com.aiodfront.qa.TestCases.BundleFrontendTestCase" name="verifyhomePageTitle" time="45.733"/>
  <system-out/>
</testsuite> <!-- com.aiodfront.qa.TestCases.BundleFrontendTestCase -->
