<?xml version="1.0" encoding="UTF-8"?>
<!-- Generated by org.testng.reporters.JUnitReportReporter -->
<testsuite skipped="0" hostname="MACs-Mac-mini.local" name="NewTestNG" tests="2" failures="0" timestamp="2023-01-27T10:38:31 IST" time="0.020" errors="0">
  <testcase name="b_Testcase" time="0.003" classname="NewTestNG"/>
  <system-out/>
  <testcase name="a_Testcase" time="0.017" classname="NewTestNG"/>
  <system-out/>
</testsuite> <!-- NewTestNG -->
